2026-03-04 16:11:28,757 [INFO] __main__: Iniciando GIC con interfaz gráfica...
2026-03-04 16:11:29,324 [INFO] base_datos: Tabla 'clientes' inicializada correctamente.
2026-03-04 16:11:29,325 [INFO] base_datos: Se leyeron 0 clientes de SQLite.
2026-03-04 16:11:29,325 [INFO] gestor_clientes: Gestor iniciado con 0 clientes.
2026-03-04 16:12:17,827 [INFO] base_datos: Cliente ID=1 guardado en SQLite.
2026-03-04 16:12:17,828 [INFO] gestor_clientes: Cliente 'Juan Pablo Torres' (ID=1) agregado.
2026-03-04 16:12:39,901 [INFO] archivos: CSV exportado: 1 clientes en 'C:/Users/juapa/OneDrive/Documentos/clientes.csv'.
2026-03-04 17:28:31,928 [INFO] __main__: Iniciando GIC con interfaz gráfica...
2026-03-04 17:28:32,083 [INFO] base_datos: Tabla 'clientes' inicializada correctamente.
2026-03-04 17:28:32,084 [INFO] base_datos: Se leyeron 1 clientes de SQLite.
2026-03-04 17:28:32,085 [INFO] gestor_clientes: Gestor iniciado con 1 clientes.
2026-03-04 19:51:20,204 [INFO] __main__: Iniciando GIC con interfaz gráfica...
2026-03-04 19:51:20,351 [INFO] base_datos: Tabla 'clientes' inicializada correctamente.
2026-03-04 19:51:20,351 [INFO] base_datos: Se leyeron 1 clientes de SQLite.
2026-03-04 19:51:20,352 [INFO] gestor_clientes: Gestor iniciado con 1 clientes.
2026-03-04 19:51:57,311 [INFO] base_datos: Cliente ID=2 guardado en SQLite.
2026-03-04 19:51:57,311 [INFO] gestor_clientes: Cliente 'Claudio Morales' (ID=2) agregado.
2026-03-04 19:52:24,615 [INFO] base_datos: Cliente ID=3 guardado en SQLite.
2026-03-04 19:52:24,615 [INFO] gestor_clientes: Cliente 'Panther' (ID=3) agregado.
2026-03-04 19:52:49,416 [INFO] __main__: Iniciando GIC con interfaz gráfica...
2026-03-04 19:52:49,498 [INFO] base_datos: Tabla 'clientes' inicializada correctamente.
2026-03-04 19:52:49,499 [INFO] base_datos: Se leyeron 3 clientes de SQLite.
2026-03-04 19:52:49,499 [INFO] gestor_clientes: Gestor iniciado con 3 clientes.
2026-03-04 19:53:25,359 [INFO] archivos: CSV exportado: 3 clientes en 'C:/Users/juapa/OneDrive/Documentos/clientes.csv'.
2026-03-05 22:54:53,959 [INFO] __main__: Iniciando GIC con interfaz gráfica...
2026-03-05 22:54:54,474 [INFO] base_datos: Tabla 'clientes' inicializada correctamente.
2026-03-05 22:54:54,475 [INFO] base_datos: Se leyeron 3 clientes de SQLite.
2026-03-05 22:54:54,475 [INFO] gestor_clientes: Gestor iniciado con 3 clientes.
2026-03-05 22:55:14,696 [INFO] __main__: Iniciando GIC con interfaz gráfica...
2026-03-05 22:55:14,804 [INFO] base_datos: Tabla 'clientes' inicializada correctamente.
2026-03-05 22:55:14,805 [INFO] base_datos: Se leyeron 3 clientes de SQLite.
2026-03-05 22:55:14,805 [INFO] gestor_clientes: Gestor iniciado con 3 clientes.
2026-03-05 22:56:23,383 [INFO] base_datos: Cliente ID=4 guardado en SQLite.
2026-03-05 22:56:23,383 [INFO] gestor_clientes: Cliente 'Juan Francisco' (ID=4) agregado.
2026-03-05 22:57:47,319 [INFO] archivos: CSV exportado: 4 clientes en 'C:/Users/juapa/OneDrive/Documentos/clientes.csv'.
